<?xml version="1.0" encoding="UTF-8"?>
<!-- Generated by org.testng.reporters.JUnitReportReporter -->
<testsuite skipped="0" hostname="DESKTOP-GOG4L22" name="com.nopcommerce.TestCases.TC_LoginTest_001" tests="2" failures="0" timestamp="11 Apr 2020 22:35:11 GMT" time="38.439" errors="0">
  <testcase name="loginTest" time="19.910" classname="com.nopcommerce.TestCases.TC_LoginTest_001"/>
  <testcase name="loginTest" time="18.529" classname="com.nopcommerce.TestCases.TC_LoginTest_001"/>
</testsuite> <!-- com.nopcommerce.TestCases.TC_LoginTest_001 -->
