<?xml version="1.0" encoding="UTF-8"?>
<!-- Generated by org.testng.reporters.JUnitReportReporter -->
<testsuite skipped="0" hostname="DESKTOP-GOG4L22" name="com.nopcommerce.TestCases.TC_LoginTest_001" tests="2" failures="0" timestamp="15 Apr 2020 21:47:50 GMT" time="68.393" errors="0">
  <testcase name="loginTest" time="15.476" classname="com.nopcommerce.TestCases.TC_LoginTest_001"/>
  <testcase name="loginTest" time="52.917" classname="com.nopcommerce.TestCases.TC_LoginTest_001"/>
</testsuite> <!-- com.nopcommerce.TestCases.TC_LoginTest_001 -->
